This file contains any messages produced by compilers while
running configure, to aid debugging if configure makes a mistake.

It was created by configure, which was
generated by GNU Autoconf 2.69.  Invocation command line was

  $ ./configure --with-boost-libdir=/usr/lib/x86_64-linux-gnu/

## --------- ##
## Platform. ##
## --------- ##

hostname = haibo-VirtualBox
uname -m = x86_64
uname -r = 3.13.0-30-generic
uname -s = Linux
uname -v = #54-Ubuntu SMP Mon Jun 9 22:45:01 UTC 2014

/usr/bin/uname -p = unknown
/bin/uname -X     = unknown

/bin/arch              = unknown
/usr/bin/arch -k       = unknown
/usr/convex/getsysinfo = unknown
/usr/bin/hostinfo      = unknown
/bin/machine           = unknown
/usr/bin/oslevel       = unknown
/bin/universe          = unknown

PATH: /usr/local/sbin
PATH: /usr/local/bin
PATH: /usr/sbin
PATH: /usr/bin
PATH: /sbin
PATH: /bin
PATH: /usr/games
PATH: /usr/local/games


## ----------- ##
## Core tests. ##
## ----------- ##

configure:1960: checking for a BSD-compatible install
configure:2028: result: /usr/bin/install -c
configure:2039: checking whether build environment is sane
configure:2094: result: yes
configure:2245: checking for a thread-safe mkdir -p
configure:2284: result: /bin/mkdir -p
configure:2291: checking for gawk
configure:2321: result: no
configure:2291: checking for mawk
configure:2307: found /usr/bin/mawk
configure:2318: result: mawk
configure:2329: checking whether make sets $(MAKE)
configure:2351: result: yes
configure:2380: checking whether make supports nested variables
configure:2397: result: yes
configure:2524: checking whether to enable maintainer-specific portions of Makefiles
configure:2533: result: no
configure:2604: checking for g++
configure:2620: found /usr/bin/g++
configure:2631: result: g++
configure:2658: checking for C++ compiler version
configure:2667: g++ --version >&5
g++ (Ubuntu 4.8.2-19ubuntu1) 4.8.2
Copyright (C) 2013 Free Software Foundation, Inc.
This is free software; see the source for copying conditions.  There is NO
warranty; not even for MERCHANTABILITY or FITNESS FOR A PARTICULAR PURPOSE.

configure:2678: $? = 0
configure:2667: g++ -v >&5
Using built-in specs.
COLLECT_GCC=g++
COLLECT_LTO_WRAPPER=/usr/lib/gcc/x86_64-linux-gnu/4.8/lto-wrapper
Target: x86_64-linux-gnu
Configured with: ../src/configure -v --with-pkgversion='Ubuntu 4.8.2-19ubuntu1' --with-bugurl=file:///usr/share/doc/gcc-4.8/README.Bugs --enable-languages=c,c++,java,go,d,fortran,objc,obj-c++ --prefix=/usr --program-suffix=-4.8 --enable-shared --enable-linker-build-id --libexecdir=/usr/lib --without-included-gettext --enable-threads=posix --with-gxx-include-dir=/usr/include/c++/4.8 --libdir=/usr/lib --enable-nls --with-sysroot=/ --enable-clocale=gnu --enable-libstdcxx-debug --enable-libstdcxx-time=yes --enable-gnu-unique-object --disable-libmudflap --enable-plugin --with-system-zlib --disable-browser-plugin --enable-java-awt=gtk --enable-gtk-cairo --with-java-home=/usr/lib/jvm/java-1.5.0-gcj-4.8-amd64/jre --enable-java-home --with-jvm-root-dir=/usr/lib/jvm/java-1.5.0-gcj-4.8-amd64 --with-jvm-jar-dir=/usr/lib/jvm-exports/java-1.5.0-gcj-4.8-amd64 --with-arch-directory=amd64 --with-ecj-jar=/usr/share/java/eclipse-ecj.jar --enable-objc-gc --enable-multiarch --disable-werror --with-arch-32=i686 --with-abi=m64 --with-multilib-list=m32,m64,mx32 --with-tune=generic --enable-checking=release --build=x86_64-linux-gnu --host=x86_64-linux-gnu --target=x86_64-linux-gnu
Thread model: posix
gcc version 4.8.2 (Ubuntu 4.8.2-19ubuntu1) 
configure:2678: $? = 0
configure:2667: g++ -V >&5
g++: error: unrecognized command line option '-V'
g++: fatal error: no input files
compilation terminated.
configure:2678: $? = 4
configure:2667: g++ -qversion >&5
g++: error: unrecognized command line option '-qversion'
g++: fatal error: no input files
compilation terminated.
configure:2678: $? = 4
configure:2698: checking whether the C++ compiler works
configure:2720: g++    conftest.cpp  >&5
configure:2724: $? = 0
configure:2772: result: yes
configure:2775: checking for C++ compiler default output file name
configure:2777: result: a.out
configure:2783: checking for suffix of executables
configure:2790: g++ -o conftest    conftest.cpp  >&5
configure:2794: $? = 0
configure:2816: result: 
configure:2838: checking whether we are cross compiling
configure:2846: g++ -o conftest    conftest.cpp  >&5
configure:2850: $? = 0
configure:2857: ./conftest
configure:2861: $? = 0
configure:2876: result: no
configure:2881: checking for suffix of object files
configure:2903: g++ -c   conftest.cpp >&5
configure:2907: $? = 0
configure:2928: result: o
configure:2932: checking whether we are using the GNU C++ compiler
configure:2951: g++ -c   conftest.cpp >&5
configure:2951: $? = 0
configure:2960: result: yes
configure:2969: checking whether g++ accepts -g
configure:2989: g++ -c -g  conftest.cpp >&5
configure:2989: $? = 0
configure:3030: result: yes
configure:3064: checking for style of include used by make
configure:3092: result: GNU
configure:3118: checking dependency style of g++
configure:3229: result: gcc3
configure:3287: checking for ranlib
configure:3303: found /usr/bin/ranlib
configure:3314: result: ranlib
configure:3385: checking for boostlib >= 1.33.1
configure:3439: g++ -c -g -O2  -I/usr/include conftest.cpp >&5
configure:3439: $? = 0
configure:3441: result: yes
configure:3623: checking for gcc
configure:3639: found /usr/bin/gcc
configure:3650: result: gcc
configure:3879: checking for C compiler version
configure:3888: gcc --version >&5
gcc (Ubuntu 4.8.2-19ubuntu1) 4.8.2
Copyright (C) 2013 Free Software Foundation, Inc.
This is free software; see the source for copying conditions.  There is NO
warranty; not even for MERCHANTABILITY or FITNESS FOR A PARTICULAR PURPOSE.

configure:3899: $? = 0
configure:3888: gcc -v >&5
Using built-in specs.
COLLECT_GCC=gcc
COLLECT_LTO_WRAPPER=/usr/lib/gcc/x86_64-linux-gnu/4.8/lto-wrapper
Target: x86_64-linux-gnu
Configured with: ../src/configure -v --with-pkgversion='Ubuntu 4.8.2-19ubuntu1' --with-bugurl=file:///usr/share/doc/gcc-4.8/README.Bugs --enable-languages=c,c++,java,go,d,fortran,objc,obj-c++ --prefix=/usr --program-suffix=-4.8 --enable-shared --enable-linker-build-id --libexecdir=/usr/lib --without-included-gettext --enable-threads=posix --with-gxx-include-dir=/usr/include/c++/4.8 --libdir=/usr/lib --enable-nls --with-sysroot=/ --enable-clocale=gnu --enable-libstdcxx-debug --enable-libstdcxx-time=yes --enable-gnu-unique-object --disable-libmudflap --enable-plugin --with-system-zlib --disable-browser-plugin --enable-java-awt=gtk --enable-gtk-cairo --with-java-home=/usr/lib/jvm/java-1.5.0-gcj-4.8-amd64/jre --enable-java-home --with-jvm-root-dir=/usr/lib/jvm/java-1.5.0-gcj-4.8-amd64 --with-jvm-jar-dir=/usr/lib/jvm-exports/java-1.5.0-gcj-4.8-amd64 --with-arch-directory=amd64 --with-ecj-jar=/usr/share/java/eclipse-ecj.jar --enable-objc-gc --enable-multiarch --disable-werror --with-arch-32=i686 --with-abi=m64 --with-multilib-list=m32,m64,mx32 --with-tune=generic --enable-checking=release --build=x86_64-linux-gnu --host=x86_64-linux-gnu --target=x86_64-linux-gnu
Thread model: posix
gcc version 4.8.2 (Ubuntu 4.8.2-19ubuntu1) 
configure:3899: $? = 0
configure:3888: gcc -V >&5
gcc: error: unrecognized command line option '-V'
gcc: fatal error: no input files
compilation terminated.
configure:3899: $? = 4
configure:3888: gcc -qversion >&5
gcc: error: unrecognized command line option '-qversion'
gcc: fatal error: no input files
compilation terminated.
configure:3899: $? = 4
configure:3903: checking whether we are using the GNU C compiler
configure:3922: gcc -c   conftest.c >&5
configure:3922: $? = 0
configure:3931: result: yes
configure:3940: checking whether gcc accepts -g
configure:3960: gcc -c -g  conftest.c >&5
configure:3960: $? = 0
configure:4001: result: yes
configure:4018: checking for gcc option to accept ISO C89
configure:4081: gcc  -c -g -O2  conftest.c >&5
configure:4081: $? = 0
configure:4094: result: none needed
configure:4119: checking whether gcc understands -c and -o together
configure:4141: gcc -c conftest.c -o conftest2.o
configure:4144: $? = 0
configure:4141: gcc -c conftest.c -o conftest2.o
configure:4144: $? = 0
configure:4156: result: yes
configure:4175: checking dependency style of gcc
configure:4286: result: gcc3
configure:4332: checking whether the Boost::Program_Options library is available
configure:4356: g++ -c -g -O2  -I/usr/include conftest.cpp >&5
configure:4356: $? = 0
configure:4370: result: yes
configure:4381: checking for exit in -lboost_program_options
configure:4406: gcc -o conftest -g -O2  -I/usr/include  -L/usr/lib/x86_64-linux-gnu/ conftest.c -lboost_program_options   >&5
conftest.c:20:6: warning: conflicting types for built-in function 'exit' [enabled by default]
 char exit ();
      ^
configure:4406: $? = 0
configure:4416: result: yes
configure:4553: checking CXXFLAGS for maximum warnings
configure:4580: g++ -c -O3 -g -DNDEBUG -pedantic  -Wall  conftest.cpp >&5
configure:4580: $? = 0
configure:4594: result: -Wall
configure:4607: : CXXFLAGS="$CXXFLAGS $ac_cv_cxxflags_warn_all"
configure:4610: $? = 0
configure:4617: checking CXXFLAGS for gcc -Wextra
configure:4644: g++ -c -O3 -g -DNDEBUG -Wall -pedantic -Werror  -Wextra  conftest.cpp >&5
configure:4644: $? = 0
configure:4658: result: -Wextra
configure:4670: : CXXFLAGS="$CXXFLAGS $ac_cv_cxxflags_gcc_option__Wextra"
configure:4673: $? = 0
configure:4826: checking that generated files are newer than configure
configure:4832: result: done
configure:4863: creating ./config.status

## ---------------------- ##
## Running config.status. ##
## ---------------------- ##

This file was extended by config.status, which was
generated by GNU Autoconf 2.69.  Invocation command line was

  CONFIG_FILES    = 
  CONFIG_HEADERS  = 
  CONFIG_LINKS    = 
  CONFIG_COMMANDS = 
  $ ./config.status 

on haibo-VirtualBox

config.status:786: creating Makefile
config.status:786: creating src/Makefile
config.status:958: executing depfiles commands

## ---------------- ##
## Cache variables. ##
## ---------------- ##

ac_cv_c_compiler_gnu=yes
ac_cv_cxx_compiler_gnu=yes
ac_cv_cxxflags_gcc_option__Wextra=-Wextra
ac_cv_cxxflags_warn_all=-Wall
ac_cv_env_CCC_set=
ac_cv_env_CCC_value=
ac_cv_env_CC_set=
ac_cv_env_CC_value=
ac_cv_env_CFLAGS_set=
ac_cv_env_CFLAGS_value=
ac_cv_env_CPPFLAGS_set=
ac_cv_env_CPPFLAGS_value=
ac_cv_env_CXXFLAGS_set=
ac_cv_env_CXXFLAGS_value=
ac_cv_env_CXX_set=
ac_cv_env_CXX_value=
ac_cv_env_LDFLAGS_set=
ac_cv_env_LDFLAGS_value=
ac_cv_env_LIBS_set=
ac_cv_env_LIBS_value=
ac_cv_env_build_alias_set=
ac_cv_env_build_alias_value=
ac_cv_env_host_alias_set=
ac_cv_env_host_alias_value=
ac_cv_env_target_alias_set=
ac_cv_env_target_alias_value=
ac_cv_lib_boost_program_options___exit=yes
ac_cv_objext=o
ac_cv_path_install='/usr/bin/install -c'
ac_cv_path_mkdir=/bin/mkdir
ac_cv_prog_AWK=mawk
ac_cv_prog_ac_ct_CC=gcc
ac_cv_prog_ac_ct_CXX=g++
ac_cv_prog_ac_ct_RANLIB=ranlib
ac_cv_prog_cc_c89=
ac_cv_prog_cc_g=yes
ac_cv_prog_cxx_g=yes
ac_cv_prog_make_make_set=yes
am_cv_CC_dependencies_compiler_type=gcc3
am_cv_CXX_dependencies_compiler_type=gcc3
am_cv_make_support_nested_variables=yes
am_cv_prog_cc_c_o=yes
ax_cv_boost_program_options=yes

## ----------------- ##
## Output variables. ##
## ----------------- ##

ACLOCAL='${SHELL} /home/haibo/Documents/Share/TestPOMCP/missing aclocal-1.14'
AMDEPBACKSLASH='\'
AMDEP_FALSE='#'
AMDEP_TRUE=''
AMTAR='$${TAR-tar}'
AM_BACKSLASH='\'
AM_DEFAULT_V='$(AM_DEFAULT_VERBOSITY)'
AM_DEFAULT_VERBOSITY='1'
AM_V='$(V)'
AUTOCONF='${SHELL} /home/haibo/Documents/Share/TestPOMCP/missing autoconf'
AUTOHEADER='${SHELL} /home/haibo/Documents/Share/TestPOMCP/missing autoheader'
AUTOMAKE='${SHELL} /home/haibo/Documents/Share/TestPOMCP/missing automake-1.14'
AWK='mawk'
BOOST_CPPFLAGS='-I/usr/include'
BOOST_LDFLAGS='-L/usr/lib/x86_64-linux-gnu/'
BOOST_PROGRAM_OPTIONS_LIB='-lboost_program_options'
CC='gcc'
CCDEPMODE='depmode=gcc3'
CFLAGS='-g -O2'
CPPFLAGS=''
CXX='g++'
CXXDEPMODE='depmode=gcc3'
CXXFLAGS='-O3 -g -DNDEBUG -Wall -Wextra'
CYGPATH_W='echo'
DEFS='-DPACKAGE_NAME=\"\" -DPACKAGE_TARNAME=\"\" -DPACKAGE_VERSION=\"\" -DPACKAGE_STRING=\"\" -DPACKAGE_BUGREPORT=\"\" -DPACKAGE_URL=\"\" -DPACKAGE=\"pomcp\" -DVERSION=\"1.0\" -DHAVE_BOOST=/\*\*/ -DHAVE_BOOST_PROGRAM_OPTIONS=/\*\*/'
DEPDIR='.deps'
ECHO_C=''
ECHO_N='-n'
ECHO_T=''
EXEEXT=''
INSTALL_DATA='${INSTALL} -m 644'
INSTALL_PROGRAM='${INSTALL}'
INSTALL_SCRIPT='${INSTALL}'
INSTALL_STRIP_PROGRAM='$(install_sh) -c -s'
LDFLAGS=''
LIBOBJS=''
LIBS=''
LTLIBOBJS=''
MAINT='#'
MAINTAINER_MODE_FALSE=''
MAINTAINER_MODE_TRUE='#'
MAKEINFO='${SHELL} /home/haibo/Documents/Share/TestPOMCP/missing makeinfo'
MKDIR_P='/bin/mkdir -p'
OBJEXT='o'
PACKAGE='pomcp'
PACKAGE_BUGREPORT=''
PACKAGE_NAME=''
PACKAGE_STRING=''
PACKAGE_TARNAME=''
PACKAGE_URL=''
PACKAGE_VERSION=''
PATH_SEPARATOR=':'
RANLIB='ranlib'
SET_MAKE=''
SHELL='/bin/bash'
STRIP=''
VERSION='1.0'
ac_ct_CC='gcc'
ac_ct_CXX='g++'
am__EXEEXT_FALSE=''
am__EXEEXT_TRUE='#'
am__fastdepCC_FALSE='#'
am__fastdepCC_TRUE=''
am__fastdepCXX_FALSE='#'
am__fastdepCXX_TRUE=''
am__include='include'
am__isrc=''
am__leading_dot='.'
am__nodep='_no'
am__quote=''
am__tar='$${TAR-tar} chof - "$$tardir"'
am__untar='$${TAR-tar} xf -'
bindir='${exec_prefix}/bin'
build_alias=''
datadir='${datarootdir}'
datarootdir='${prefix}/share'
docdir='${datarootdir}/doc/${PACKAGE}'
dvidir='${docdir}'
exec_prefix='${prefix}'
host_alias=''
htmldir='${docdir}'
includedir='${prefix}/include'
infodir='${datarootdir}/info'
install_sh='${SHELL} /home/haibo/Documents/Share/TestPOMCP/install-sh'
libdir='${exec_prefix}/lib'
libexecdir='${exec_prefix}/libexec'
localedir='${datarootdir}/locale'
localstatedir='${prefix}/var'
mandir='${datarootdir}/man'
mkdir_p='$(MKDIR_P)'
oldincludedir='/usr/include'
pdfdir='${docdir}'
prefix='/usr/local'
program_transform_name='s,x,x,'
psdir='${docdir}'
sbindir='${exec_prefix}/sbin'
sharedstatedir='${prefix}/com'
sysconfdir='${prefix}/etc'
target_alias=''

## ----------- ##
## confdefs.h. ##
## ----------- ##

/* confdefs.h */
#define PACKAGE_NAME ""
#define PACKAGE_TARNAME ""
#define PACKAGE_VERSION ""
#define PACKAGE_STRING ""
#define PACKAGE_BUGREPORT ""
#define PACKAGE_URL ""
#define PACKAGE "pomcp"
#define VERSION "1.0"
#define HAVE_BOOST /**/
#define HAVE_BOOST_PROGRAM_OPTIONS /**/

configure: exit 0
